<?xml version="1.0" encoding="UTF-8"?>
<testng-results ignored="0" total="18" passed="18" failed="0" skipped="0">
  <reporter-output>
  </reporter-output>
  <suite started-at="2023-02-06T15:17:43 IST" name="Suite" finished-at="2023-02-06T15:20:28 IST" duration-ms="165628">
    <groups>
    </groups>
    <test started-at="2023-02-06T15:17:43 IST" name="FireFoxTest" finished-at="2023-02-06T15:18:46 IST" duration-ms="63898">
      <class name="MagnetoTest.MagnetoApplicationTest">
        <test-method is-config="true" signature="browser(java.lang.String)[pri:0, instance:MagnetoTest.MagnetoApplicationTest@294425a7]" started-at="2023-02-06T15:17:43 IST" name="browser" finished-at="2023-02-06T15:18:00 IST" duration-ms="17029" status="PASS">
          <params>
            <param index="0">
              <value>
                <![CDATA[firefox]]>
              </value>
            </param>
          </params>
          <reporter-output>
          </reporter-output>
        </test-method> <!-- browser -->
        <test-method signature="chooseProduct()[pri:0, instance:MagnetoTest.MagnetoApplicationTest@294425a7]" started-at="2023-02-06T15:18:00 IST" name="chooseProduct" finished-at="2023-02-06T15:18:04 IST" duration-ms="4572" status="PASS">
          <reporter-output>
          </reporter-output>
        </test-method> <!-- chooseProduct -->
        <test-method signature="selectProduct()[pri:1, instance:MagnetoTest.MagnetoApplicationTest@294425a7]" started-at="2023-02-06T15:18:04 IST" name="selectProduct" finished-at="2023-02-06T15:18:06 IST" duration-ms="2154" status="PASS">
          <reporter-output>
          </reporter-output>
        </test-method> <!-- selectProduct -->
        <test-method signature="AddToCart()[pri:2, instance:MagnetoTest.MagnetoApplicationTest@294425a7]" started-at="2023-02-06T15:18:06 IST" name="AddToCart" finished-at="2023-02-06T15:18:10 IST" duration-ms="3778" status="PASS">
          <reporter-output>
          </reporter-output>
        </test-method> <!-- AddToCart -->
        <test-method signature="Shippingcart()[pri:3, instance:MagnetoTest.MagnetoApplicationTest@294425a7]" started-at="2023-02-06T15:18:10 IST" name="Shippingcart" finished-at="2023-02-06T15:18:16 IST" duration-ms="5721" status="PASS">
          <reporter-output>
          </reporter-output>
        </test-method> <!-- Shippingcart -->
        <test-method signature="FillShippingData()[pri:4, instance:MagnetoTest.MagnetoApplicationTest@294425a7]" started-at="2023-02-06T15:18:16 IST" name="FillShippingData" finished-at="2023-02-06T15:18:39 IST" duration-ms="23203" status="PASS">
          <reporter-output>
          </reporter-output>
        </test-method> <!-- FillShippingData -->
        <test-method signature="VerifyOrderSummary()[pri:5, instance:MagnetoTest.MagnetoApplicationTest@294425a7]" started-at="2023-02-06T15:18:39 IST" name="VerifyOrderSummary" finished-at="2023-02-06T15:18:45 IST" duration-ms="5576" status="PASS">
          <reporter-output>
          </reporter-output>
        </test-method> <!-- VerifyOrderSummary -->
        <test-method is-config="true" signature="Close()[pri:0, instance:MagnetoTest.MagnetoApplicationTest@294425a7]" started-at="2023-02-06T15:18:45 IST" name="Close" finished-at="2023-02-06T15:18:46 IST" duration-ms="1800" status="PASS">
          <reporter-output>
          </reporter-output>
        </test-method> <!-- Close -->
      </class> <!-- MagnetoTest.MagnetoApplicationTest -->
    </test> <!-- FireFoxTest -->
    <test started-at="2023-02-06T15:18:46 IST" name="ChromeTest" finished-at="2023-02-06T15:19:39 IST" duration-ms="52012">
      <class name="MagnetoTest.MagnetoApplicationTest">
        <test-method is-config="true" signature="browser(java.lang.String)[pri:0, instance:MagnetoTest.MagnetoApplicationTest@409bf450]" started-at="2023-02-06T15:18:46 IST" name="browser" finished-at="2023-02-06T15:18:57 IST" duration-ms="10017" status="PASS">
          <params>
            <param index="0">
              <value>
                <![CDATA[chrome]]>
              </value>
            </param>
          </params>
          <reporter-output>
          </reporter-output>
        </test-method> <!-- browser -->
        <test-method signature="chooseProduct()[pri:0, instance:MagnetoTest.MagnetoApplicationTest@409bf450]" started-at="2023-02-06T15:18:57 IST" name="chooseProduct" finished-at="2023-02-06T15:19:01 IST" duration-ms="4823" status="PASS">
          <reporter-output>
          </reporter-output>
        </test-method> <!-- chooseProduct -->
        <test-method signature="selectProduct()[pri:1, instance:MagnetoTest.MagnetoApplicationTest@409bf450]" started-at="2023-02-06T15:19:01 IST" name="selectProduct" finished-at="2023-02-06T15:19:03 IST" duration-ms="1220" status="PASS">
          <reporter-output>
          </reporter-output>
        </test-method> <!-- selectProduct -->
        <test-method signature="AddToCart()[pri:2, instance:MagnetoTest.MagnetoApplicationTest@409bf450]" started-at="2023-02-06T15:19:03 IST" name="AddToCart" finished-at="2023-02-06T15:19:05 IST" duration-ms="2476" status="PASS">
          <reporter-output>
          </reporter-output>
        </test-method> <!-- AddToCart -->
        <test-method signature="Shippingcart()[pri:3, instance:MagnetoTest.MagnetoApplicationTest@409bf450]" started-at="2023-02-06T15:19:05 IST" name="Shippingcart" finished-at="2023-02-06T15:19:11 IST" duration-ms="5690" status="PASS">
          <reporter-output>
          </reporter-output>
        </test-method> <!-- Shippingcart -->
        <test-method signature="FillShippingData()[pri:4, instance:MagnetoTest.MagnetoApplicationTest@409bf450]" started-at="2023-02-06T15:19:11 IST" name="FillShippingData" finished-at="2023-02-06T15:19:32 IST" duration-ms="21686" status="PASS">
          <reporter-output>
          </reporter-output>
        </test-method> <!-- FillShippingData -->
        <test-method signature="VerifyOrderSummary()[pri:5, instance:MagnetoTest.MagnetoApplicationTest@409bf450]" started-at="2023-02-06T15:19:32 IST" name="VerifyOrderSummary" finished-at="2023-02-06T15:19:38 IST" duration-ms="5283" status="PASS">
          <reporter-output>
          </reporter-output>
        </test-method> <!-- VerifyOrderSummary -->
        <test-method is-config="true" signature="Close()[pri:0, instance:MagnetoTest.MagnetoApplicationTest@409bf450]" started-at="2023-02-06T15:19:38 IST" name="Close" finished-at="2023-02-06T15:19:39 IST" duration-ms="805" status="PASS">
          <reporter-output>
          </reporter-output>
        </test-method> <!-- Close -->
      </class> <!-- MagnetoTest.MagnetoApplicationTest -->
    </test> <!-- ChromeTest -->
    <test started-at="2023-02-06T15:19:39 IST" name="EdgeTest" finished-at="2023-02-06T15:20:28 IST" duration-ms="49690">
      <class name="MagnetoTest.MagnetoApplicationTest">
        <test-method is-config="true" signature="browser(java.lang.String)[pri:0, instance:MagnetoTest.MagnetoApplicationTest@55b699ef]" started-at="2023-02-06T15:19:39 IST" name="browser" finished-at="2023-02-06T15:19:47 IST" duration-ms="8790" status="PASS">
          <params>
            <param index="0">
              <value>
                <![CDATA[ie]]>
              </value>
            </param>
          </params>
          <reporter-output>
          </reporter-output>
        </test-method> <!-- browser -->
        <test-method signature="chooseProduct()[pri:0, instance:MagnetoTest.MagnetoApplicationTest@55b699ef]" started-at="2023-02-06T15:19:47 IST" name="chooseProduct" finished-at="2023-02-06T15:19:52 IST" duration-ms="4838" status="PASS">
          <reporter-output>
          </reporter-output>
        </test-method> <!-- chooseProduct -->
        <test-method signature="selectProduct()[pri:1, instance:MagnetoTest.MagnetoApplicationTest@55b699ef]" started-at="2023-02-06T15:19:52 IST" name="selectProduct" finished-at="2023-02-06T15:19:53 IST" duration-ms="1347" status="PASS">
          <reporter-output>
          </reporter-output>
        </test-method> <!-- selectProduct -->
        <test-method signature="AddToCart()[pri:2, instance:MagnetoTest.MagnetoApplicationTest@55b699ef]" started-at="2023-02-06T15:19:53 IST" name="AddToCart" finished-at="2023-02-06T15:19:56 IST" duration-ms="2857" status="PASS">
          <reporter-output>
          </reporter-output>
        </test-method> <!-- AddToCart -->
        <test-method signature="Shippingcart()[pri:3, instance:MagnetoTest.MagnetoApplicationTest@55b699ef]" started-at="2023-02-06T15:19:56 IST" name="Shippingcart" finished-at="2023-02-06T15:20:02 IST" duration-ms="5750" status="PASS">
          <reporter-output>
          </reporter-output>
        </test-method> <!-- Shippingcart -->
        <test-method signature="FillShippingData()[pri:4, instance:MagnetoTest.MagnetoApplicationTest@55b699ef]" started-at="2023-02-06T15:20:02 IST" name="FillShippingData" finished-at="2023-02-06T15:20:22 IST" duration-ms="19956" status="PASS">
          <reporter-output>
          </reporter-output>
        </test-method> <!-- FillShippingData -->
        <test-method signature="VerifyOrderSummary()[pri:5, instance:MagnetoTest.MagnetoApplicationTest@55b699ef]" started-at="2023-02-06T15:20:22 IST" name="VerifyOrderSummary" finished-at="2023-02-06T15:20:27 IST" duration-ms="5290" status="PASS">
          <reporter-output>
          </reporter-output>
        </test-method> <!-- VerifyOrderSummary -->
        <test-method is-config="true" signature="Close()[pri:0, instance:MagnetoTest.MagnetoApplicationTest@55b699ef]" started-at="2023-02-06T15:20:27 IST" name="Close" finished-at="2023-02-06T15:20:28 IST" duration-ms="852" status="PASS">
          <reporter-output>
          </reporter-output>
        </test-method> <!-- Close -->
      </class> <!-- MagnetoTest.MagnetoApplicationTest -->
    </test> <!-- EdgeTest -->
  </suite> <!-- Suite -->
</testng-results>
