<?xml version="1.0" encoding="UTF-8"?>
<!-- Generated by org.testng.reporters.JUnitXMLReporter -->
<testsuite ignored="0" hostname="ULTP813" failures="0" tests="6" name="ChromeTest" time="52.012" errors="0" timestamp="2023-02-06T15:19:39 IST">
  <testcase classname="MagnetoTest.MagnetoApplicationTest" name="chooseProduct" time="4.823"/>
  <testcase classname="MagnetoTest.MagnetoApplicationTest" name="selectProduct" time="1.22"/>
  <testcase classname="MagnetoTest.MagnetoApplicationTest" name="AddToCart" time="2.476"/>
  <testcase classname="MagnetoTest.MagnetoApplicationTest" name="Shippingcart" time="5.69"/>
  <testcase classname="MagnetoTest.MagnetoApplicationTest" name="FillShippingData" time="21.686"/>
  <testcase classname="MagnetoTest.MagnetoApplicationTest" name="VerifyOrderSummary" time="5.283"/>
</testsuite> <!-- ChromeTest -->
