<?xml version="1.0" encoding="UTF-8"?>
<!-- Generated by org.testng.reporters.JUnitXMLReporter -->
<testsuite ignored="0" hostname="ULTP813" failures="0" tests="6" name="EdgeTest" time="49.69" errors="0" timestamp="2023-02-06T15:20:28 IST">
  <testcase classname="MagnetoTest.MagnetoApplicationTest" name="chooseProduct" time="4.838"/>
  <testcase classname="MagnetoTest.MagnetoApplicationTest" name="selectProduct" time="1.347"/>
  <testcase classname="MagnetoTest.MagnetoApplicationTest" name="AddToCart" time="2.857"/>
  <testcase classname="MagnetoTest.MagnetoApplicationTest" name="Shippingcart" time="5.75"/>
  <testcase classname="MagnetoTest.MagnetoApplicationTest" name="FillShippingData" time="19.956"/>
  <testcase classname="MagnetoTest.MagnetoApplicationTest" name="VerifyOrderSummary" time="5.29"/>
</testsuite> <!-- EdgeTest -->
