<?xml version="1.0" encoding="UTF-8"?>
<!-- Generated by org.testng.reporters.JUnitXMLReporter -->
<testsuite ignored="0" hostname="ULTP813" failures="0" tests="6" name="FireFoxTest" time="63.898" errors="0" timestamp="2023-02-06T15:18:46 IST">
  <testcase classname="MagnetoTest.MagnetoApplicationTest" name="chooseProduct" time="4.572"/>
  <testcase classname="MagnetoTest.MagnetoApplicationTest" name="selectProduct" time="2.154"/>
  <testcase classname="MagnetoTest.MagnetoApplicationTest" name="AddToCart" time="3.778"/>
  <testcase classname="MagnetoTest.MagnetoApplicationTest" name="Shippingcart" time="5.721"/>
  <testcase classname="MagnetoTest.MagnetoApplicationTest" name="FillShippingData" time="23.203"/>
  <testcase classname="MagnetoTest.MagnetoApplicationTest" name="VerifyOrderSummary" time="5.576"/>
</testsuite> <!-- FireFoxTest -->
